\BOOKMARK [0][]{section*.1}{\376\377\144\130\211\201}{}% 1
\BOOKMARK [0][]{目录.0}{\376\377\166\356\137\125}{}% 2
\BOOKMARK [0][]{section*.5}{\376\377\143\322\126\376\175\042\137\025}{}% 3
\BOOKMARK [0][]{section*.7}{\376\377\210\150\150\074\175\042\137\025}{}% 4
\BOOKMARK [0][]{chapter.1}{\376\377\0001\000\040\176\352\213\272}{}% 5
\BOOKMARK [1][-]{section.1.1}{\376\377\0001\000.\0001\000\040\136\177\116\111\166\370\133\371\213\272}{chapter.1}% 6
\BOOKMARK [1][-]{section.1.2}{\376\377\0001\000.\0002\000\040\137\025\122\233\154\342}{chapter.1}% 7
\BOOKMARK [1][-]{section.1.3}{\376\377\0001\000.\0003\000\040\201\011\121\262\146\037\124\214\201\011\121\262\146\037\155\113\145\366}{chapter.1}% 8
\BOOKMARK [1][-]{section.1.4}{\376\377\0001\000.\0004\000\040\227\142\124\021\201\011\121\262\146\037\155\113\145\366\226\065\122\027\166\204\145\160\143\156\122\006\147\220\145\271\154\325}{chapter.1}% 9
\BOOKMARK [2][-]{subsection.1.4.1}{\376\377\0001\000.\0004\000.\0001\000\040\215\035\123\366\145\257\133\146\155\076}{section.1.4}% 10
\BOOKMARK [2][-]{subsection.1.4.2}{\376\377\0001\000.\0004\000.\0002\000\040\230\221\163\207\133\146\155\076}{section.1.4}% 11
\BOOKMARK [1][-]{section.1.5}{\376\377\0001\000.\0005\000\040\116\272\135\345\146\172\200\375\127\050\137\025\122\233\154\342\170\024\172\166\116\055\166\204\136\224\165\050}{chapter.1}% 12
\BOOKMARK [1][-]{section.1.6}{\376\377\0001\000.\0006\000\040\213\272\145\207\166\204\121\205\133\271\116\016\176\323\147\204\133\211\143\222}{chapter.1}% 13
\BOOKMARK [0][]{chapter.2}{\376\377\0002\000\040\217\336\176\355\137\025\122\233\154\342}{}% 14
\BOOKMARK [1][-]{section.2.1}{\376\377\0002\000.\0001\000\040\137\025\122\233\154\342\117\341\123\367\166\204\152\041\127\213}{chapter.2}% 15
\BOOKMARK [0][]{chapter.3}{\376\377\0003\000\040\000N\000A\000N\000O\000G\000r\000a\000v\000\040\0001\0005\000\040\136\164\145\160\143\156\215\205\131\047\215\050\221\317\123\314\236\321\155\036\217\336\176\355\137\025\122\233\154\342\144\034\133\373\176\323\147\234}{}% 16
\BOOKMARK [0][]{chapter.4}{\376\377\0004\000\040\122\051\165\050\155\361\136\246\171\136\176\317\177\121\176\334\133\371\172\172\225\364\137\025\122\233\154\342\143\242\155\113\126\150\145\160\143\156}{}% 17
\BOOKMARK [0][-]{section*.9}{\376\377\201\364\214\042}{}% 18
\BOOKMARK [0][-]{section*.11}{\376\377\123\302\200\003\145\207\163\056}{}% 19
\BOOKMARK [0][-]{appendix.1.A}{\376\377\226\104\137\125\000\040\000A\000\040\145\073\213\373\133\146\117\115\147\037\225\364\123\321\210\150\166\204\133\146\147\057\213\272\145\207}{}% 20
\BOOKMARK [0][-]{appendix.1.B}{\376\377\226\104\137\125\000\040\000B\000\040\217\331\146\057\116\000\116\052\226\104\137\125}{}% 21
